<?xml version="1.0" encoding="UTF-8"?>
<!-- Generated by org.testng.reporters.JUnitReportReporter -->
<testsuite skipped="0" hostname="DESKTOP-9IRKEUO" name="farukhpinjaripractice.SeleniumTest" tests="2" failures="0" timestamp="2022-05-15T21:10:03 IST" time="0.003" errors="0">
  <testcase name="browserAutomation" time="0.002" classname="farukhpinjaripractice.SeleniumTest"/>
  <system-out/>
  <testcase name="elementsUI" time="0.001" classname="farukhpinjaripractice.SeleniumTest"/>
  <system-out/>
</testsuite> <!-- farukhpinjaripractice.SeleniumTest -->
