<?xml version="1.0" encoding="UTF-8"?>
<!-- Generated by org.testng.reporters.JUnitReportReporter -->
<testsuite skipped="0" hostname="DESKTOP-9IRKEUO" name="farukhpinjaripractice.API_Test" tests="2" failures="0" timestamp="2022-05-26T20:45:38 IST" time="0.008" errors="0">
  <testcase name="deleteTwitter" time="0.008" classname="farukhpinjaripractice.API_Test"/>
  <system-out/>
  <testcase name="postJira" time="0.000" classname="farukhpinjaripractice.API_Test"/>
  <system-out/>
</testsuite> <!-- farukhpinjaripractice.API_Test -->
