<?xml version="1.0" encoding="UTF-8"?>
<!-- Generated by org.testng.reporters.JUnitReportReporter -->
<testsuite skipped="0" hostname="DESKTOP-9IRKEUO" name="farukhpinjaripractice.AppiumTest" tests="2" failures="0" timestamp="2022-05-26T20:45:38 IST" time="0.002" errors="0">
  <testcase name="nativeApp" time="0.001" classname="farukhpinjaripractice.AppiumTest"/>
  <system-out/>
  <testcase name="IOSApp" time="0.001" classname="farukhpinjaripractice.AppiumTest"/>
  <system-out/>
</testsuite> <!-- farukhpinjaripractice.AppiumTest -->
